<?xml version="1.0" encoding="UTF-8"?>
<!-- Generated by org.testng.reporters.JUnitReportReporter -->
<testsuite skipped="0" hostname="Admin-PC" name="com.automationpractice.qa.pages.HomePage" tests="1" failures="0" timestamp="28 Aug 2019 15:56:32 GMT" time="9.303" errors="0">
  <testcase name="initialization" time="9.303" classname="com.automationpractice.qa.pages.HomePage"/>
</testsuite> <!-- com.automationpractice.qa.pages.HomePage -->
